13:19:47 **** Incremental Build of configuration Debug for project Drivers ****
make -j12 all 
arm-none-eabi-gcc  -gdwarf-2 "../Src/main.c" -mcpu=cortex-m3 -std=gnu11 -g3 -DSTM32 -DSTM32F1 -DSTM32F103C6Tx -DDEBUG -c -I../Inc -I"C:/Users/Moham/OneDrive/Desktop/Autosar/Unit3-SWC/Drivers_STM32F301XX/HAL/includes" -I"C:/Users/Moham/OneDrive/Desktop/Autosar/Unit3-SWC/Drivers_STM32F301XX/Stm32_F103C6_Drivers/inc" -O0 -ffunction-sections -fdata-sections -Wall -fstack-usage -fcyclomatic-complexity -MMD -MP -MF"Src/main.d" -MT"Src/main.o" --specs=nano.specs -mfloat-abi=soft -mthumb -o "Src/main.o"
arm-none-eabi-gcc  -gdwarf-2 -o "Drivers.elf" @"objects.list"   -mcpu=cortex-m3 -T"C:\Users\Moham\OneDrive\Desktop\Autosar\Unit3-SWC\Drivers_STM32F301XX\STM32F103C6TX_FLASH.ld" --specs=nosys.specs -Wl,-Map="Drivers.map" -Wl,--gc-sections -static --specs=nano.specs -mfloat-abi=soft -mthumb -Wl,--start-group -lc -lm -Wl,--end-group
C:/ST/STM32CubeIDE_1.18.1/STM32CubeIDE/plugins/com.st.stm32cube.ide.mcu.externaltools.gnu-tools-for-stm32.13.3.rel1.win32_1.0.0.202411081344/tools/bin/../lib/gcc/arm-none-eabi/13.3.1/../../../../arm-none-eabi/bin/ld.exe: ./Src/main.o:C:/Users/Moham/OneDrive/Desktop/Autosar/Unit3-SWC/Drivers_STM32F301XX/HAL/includes/lcd.h:45: multiple definition of `PinCfg'; ./HAL/lcd.o:C:/Users/Moham/OneDrive/Desktop/Autosar/Unit3-SWC/Drivers_STM32F301XX/HAL/includes/lcd.h:45: first defined here
C:/ST/STM32CubeIDE_1.18.1/STM32CubeIDE/plugins/com.st.stm32cube.ide.mcu.externaltools.gnu-tools-for-stm32.13.3.rel1.win32_1.0.0.202411081344/tools/bin/../lib/gcc/arm-none-eabi/13.3.1/../../../../arm-none-eabi/bin/ld.exe: warning: Drivers.elf has a LOAD segment with RWX permissions
collect2.exe: error: ld returned 1 exit status
make: *** [makefile:66: Drivers.elf] Error 1
"make -j12 all" terminated with exit code 2. Build might be incomplete.

13:19:47 Build Failed. 2 errors, 1 warnings. (took 529ms)

